SERVER INFORMATION
==================
DATE 11:18:16_03/09/2013
APOLLO VERSION = 27
DPA VERSION    = 132
SERVER VERSION = 78417
UI VERSION     = 
PORT USE       = 9004
Installer Running Version = 

SERVER INFORMATION
==================
DATE 11:18:24_03/09/2013
APOLLO VERSION = 27
DPA VERSION    = 132
SERVER VERSION = 78417
UI VERSION     = 
Installer Running Version = 
Installer Latest Build = 
Installer Version = 6.0.0.

SERVER INFORMATION
==================
DATE 11:19:17_03/09/2013
APOLLO VERSION = 27
DPA VERSION    = 132
SERVER VERSION = 78417
UI VERSION     = 
PORT USE       = 9004
Installer Running Version = 

SERVER INFORMATION
==================
DATE 12:21:36_10/09/2013
APOLLO VERSION = 2731
DPA VERSION    = 9779
SERVER VERSION = 78673
UI VERSION     = 
PORT USE       = 9004
Installer Running Version = 

